{
  "RSpec": {
    "coverage": {
      "/Users/johnm/Development/Personal/hooroo/lib/hooroo.rb": [
        1
      ],
      "/Users/johnm/Development/Personal/hooroo/lib/hooroo/date.rb": [
        1,
        null,
        1,
        1,
        1,
        44,
        null,
        null,
        null,
        null,
        1,
        1,
        null,
        1,
        1,
        null,
        1,
        null,
        1,
        null,
        null,
        null,
        null,
        1,
        1,
        1,
        null,
        1,
        null,
        1,
        99,
        null,
        99,
        null,
        98,
        96,
        94,
        null,
        null,
        1,
        32,
        null,
        null,
        1,
        1,
        null,
        null,
        1,
        null,
        1,
        98,
        98,
        null,
        null,
        null,
        1,
        96,
        96,
        null,
        null,
        null,
        1,
        94,
        94,
        94,
        null,
        null,
        null,
        1,
        288,
        null,
        null,
        1,
        126,
        null,
        null,
        1,
        126,
        null,
        null,
        1,
        126,
        91,
        31,
        13,
        null,
        null,
        1,
        20,
        null,
        null,
        1,
        12,
        null,
        null,
        null
      ]
    },
    "timestamp": 1403156707
  }
}
